# JRE version: Java(TM) SE Runtime Environment (8.0_271-b09) (build 1.8.0_271-b09)
# Java VM: Java HotSpot(TM) 64-Bit Server VM (25.271-b09 mixed mode windows-amd64 compressed oops)
Heap:
 PSYoungGen      total 138752K, used 74980K [0x00000000f5580000, 0x0000000100000000, 0x0000000100000000)
  eden space 107520K, 54% used [0x00000000f5580000,0x00000000f8e70bf8,0x00000000fbe80000)
  from space 31232K, 53% used [0x00000000fbe80000,0x00000000fcec8468,0x00000000fdd00000)
  to   space 30720K, 0% used [0x00000000fe200000,0x00000000fe200000,0x0000000100000000)
 ParOldGen       total 254464K, used 166131K [0x00000000e0000000, 0x00000000ef880000, 0x00000000f5580000)
  object space 254464K, 65% used [0x00000000e0000000,0x00000000ea23cee8,0x00000000ef880000)
 Metaspace       used 104414K, capacity 110102K, committed 110464K, reserved 1144832K
  class space    used 13646K, capacity 14824K, committed 14976K, reserved 1048576K
GC Heap History (10 events):
Event: 295.024 GC heap before
{Heap before GC invocations=45 (full 4):
 PSYoungGen      total 138240K, used 107300K [0x00000000f5580000, 0x0000000100000000, 0x0000000100000000)
  eden space 102912K, 100% used [0x00000000f5580000,0x00000000fba00000,0x00000000fba00000)
  from space 35328K, 12% used [0x00000000fdd80000,0x00000000fe1c9360,0x0000000100000000)
  to   space 35840K, 0% used [0x00000000fba00000,0x00000000fba00000,0x00000000fdd00000)
 ParOldGen       total 254464K, used 124349K [0x00000000e0000000, 0x00000000ef880000, 0x00000000f5580000)
  object space 254464K, 48% used [0x00000000e0000000,0x00000000e796f7e0,0x00000000ef880000)
 Metaspace       used 104120K, capacity 109706K, committed 109952K, reserved 1144832K
  class space    used 13625K, capacity 14786K, committed 14976K, reserved 1048576K
Event: 295.048 GC heap after
Heap after GC invocations=45 (full 4):
 PSYoungGen      total 138752K, used 6965K [0x00000000f5580000, 0x00000000fff80000, 0x0000000100000000)
  eden space 102912K, 0% used [0x00000000f5580000,0x00000000f5580000,0x00000000fba00000)
  from space 35840K, 19% used [0x00000000fba00000,0x00000000fc0cd758,0x00000000fdd00000)
  to   space 35328K, 0% used [0x00000000fdd00000,0x00000000fdd00000,0x00000000fff80000)
 ParOldGen       total 254464K, used 127657K [0x00000000e0000000, 0x00000000ef880000, 0x00000000f5580000)
  object space 254464K, 50% used [0x00000000e0000000,0x00000000e7caa4b0,0x00000000ef880000)
 Metaspace       used 104120K, capacity 109706K, committed 109952K, reserved 1144832K
  class space    used 13625K, capacity 14786K, committed 14976K, reserved 1048576K
}
Event: 295.711 GC heap before
{Heap before GC invocations=46 (full 4):
 PSYoungGen      total 138752K, used 109877K [0x00000000f5580000, 0x00000000fff80000, 0x0000000100000000)
  eden space 102912K, 100% used [0x00000000f5580000,0x00000000fba00000,0x00000000fba00000)
  from space 35840K, 19% used [0x00000000fba00000,0x00000000fc0cd758,0x00000000fdd00000)
  to   space 35328K, 0% used [0x00000000fdd00000,0x00000000fdd00000,0x00000000fff80000)
 ParOldGen       total 254464K, used 127834K [0x00000000e0000000, 0x00000000ef880000, 0x00000000f5580000)
  object space 254464K, 50% used [0x00000000e0000000,0x00000000e7cd6b60,0x00000000ef880000)
 Metaspace       used 104274K, capacity 109916K, committed 110208K, reserved 1144832K
  class space    used 13639K, capacity 14789K, committed 14976K, reserved 1048576K
Event: 295.736 GC heap after
Heap after GC invocations=46 (full 4):
 PSYoungGen      total 136704K, used 10204K [0x00000000f5580000, 0x00000000ffd80000, 0x0000000100000000)
  eden space 103424K, 0% used [0x00000000f5580000,0x00000000f5580000,0x00000000fba80000)
  from space 33280K, 30% used [0x00000000fdd00000,0x00000000fe6f70f8,0x00000000ffd80000)
  to   space 34304K, 0% used [0x00000000fba80000,0x00000000fba80000,0x00000000fdc00000)
 ParOldGen       total 254464K, used 133960K [0x00000000e0000000, 0x00000000ef880000, 0x00000000f5580000)
  object space 254464K, 52% used [0x00000000e0000000,0x00000000e82d2180,0x00000000ef880000)
 Metaspace       used 104274K, capacity 109916K, committed 110208K, reserved 1144832K
  class space    used 13639K, capacity 14789K, committed 14976K, reserved 1048576K
}
Event: 296.322 GC heap before
{Heap before GC invocations=47 (full 4):
 PSYoungGen      total 136704K, used 113628K [0x00000000f5580000, 0x00000000ffd80000, 0x0000000100000000)
  eden space 103424K, 100% used [0x00000000f5580000,0x00000000fba80000,0x00000000fba80000)
  from space 33280K, 30% used [0x00000000fdd00000,0x00000000fe6f70f8,0x00000000ffd80000)
  to   space 34304K, 0% used [0x00000000fba80000,0x00000000fba80000,0x00000000fdc00000)
 ParOldGen       total 254464K, used 133964K [0x00000000e0000000, 0x00000000ef880000, 0x00000000f5580000)
  object space 254464K, 52% used [0x00000000e0000000,0x00000000e82d32d8,0x00000000ef880000)
 Metaspace       used 104324K, capacity 109994K, committed 110208K, reserved 1144832K
  class space    used 13641K, capacity 14792K, committed 14976K, reserved 1048576K
Event: 296.347 GC heap after
Heap after GC invocations=47 (full 4):
 PSYoungGen      total 137728K, used 10791K [0x00000000f5580000, 0x00000000ffe00000, 0x0000000100000000)
  eden space 103424K, 0% used [0x00000000f5580000,0x00000000f5580000,0x00000000fba80000)
  from space 34304K, 31% used [0x00000000fba80000,0x00000000fc509dd8,0x00000000fdc00000)
  to   space 32768K, 0% used [0x00000000fde00000,0x00000000fde00000,0x00000000ffe00000)
 ParOldGen       total 254464K, used 142748K [0x00000000e0000000, 0x00000000ef880000, 0x00000000f5580000)
  object space 254464K, 56% used [0x00000000e0000000,0x00000000e8b67070,0x00000000ef880000)
 Metaspace       used 104324K, capacity 109994K, committed 110208K, reserved 1144832K
  class space    used 13641K, capacity 14792K, committed 14976K, reserved 1048576K
}
Event: 296.844 GC heap before
{Heap before GC invocations=48 (full 4):
 PSYoungGen      total 137728K, used 114215K [0x00000000f5580000, 0x00000000ffe00000, 0x0000000100000000)
  eden space 103424K, 100% used [0x00000000f5580000,0x00000000fba80000,0x00000000fba80000)
  from space 34304K, 31% used [0x00000000fba80000,0x00000000fc509dd8,0x00000000fdc00000)
  to   space 32768K, 0% used [0x00000000fde00000,0x00000000fde00000,0x00000000ffe00000)
 ParOldGen       total 254464K, used 142748K [0x00000000e0000000, 0x00000000ef880000, 0x00000000f5580000)
  object space 254464K, 56% used [0x00000000e0000000,0x00000000e8b67070,0x00000000ef880000)
 Metaspace       used 104360K, capacity 110034K, committed 110208K, reserved 1144832K
  class space    used 13643K, capacity 14824K, committed 14976K, reserved 1048576K
Event: 296.875 GC heap after
Heap after GC invocations=48 (full 4):
 PSYoungGen      total 137728K, used 15242K [0x00000000f5580000, 0x00000000ffb80000, 0x0000000100000000)
  eden space 107520K, 0% used [0x00000000f5580000,0x00000000f5580000,0x00000000fbe80000)
  from space 30208K, 50% used [0x00000000fde00000,0x00000000fece2868,0x00000000ffb80000)
  to   space 31232K, 0% used [0x00000000fbe80000,0x00000000fbe80000,0x00000000fdd00000)
 ParOldGen       total 254464K, used 151790K [0x00000000e0000000, 0x00000000ef880000, 0x00000000f5580000)
  object space 254464K, 59% used [0x00000000e0000000,0x00000000e943bbe0,0x00000000ef880000)
 Metaspace       used 104360K, capacity 110034K, committed 110208K, reserved 1144832K
  class space    used 13643K, capacity 14824K, committed 14976K, reserved 1048576K
}
Event: 297.269 GC heap before
{Heap before GC invocations=49 (full 4):
 PSYoungGen      total 137728K, used 122762K [0x00000000f5580000, 0x00000000ffb80000, 0x0000000100000000)
  eden space 107520K, 100% used [0x00000000f5580000,0x00000000fbe80000,0x00000000fbe80000)
  from space 30208K, 50% used [0x00000000fde00000,0x00000000fece2868,0x00000000ffb80000)
  to   space 31232K, 0% used [0x00000000fbe80000,0x00000000fbe80000,0x00000000fdd00000)
 ParOldGen       total 254464K, used 151790K [0x00000000e0000000, 0x00000000ef880000, 0x00000000f5580000)
  object space 254464K, 59% used [0x00000000e0000000,0x00000000e943bbe0,0x00000000ef880000)
 Metaspace       used 104384K, capacity 110102K, committed 110464K, reserved 1144832K
  class space    used 13643K, capacity 14824K, committed 14976K, reserved 1048576K
Event: 297.319 GC heap after
Heap after GC invocations=49 (full 4):
 PSYoungGen      total 138752K, used 16673K [0x00000000f5580000, 0x0000000100000000, 0x0000000100000000)
  eden space 107520K, 0% used [0x00000000f5580000,0x00000000f5580000,0x00000000fbe80000)
  from space 31232K, 53% used [0x00000000fbe80000,0x00000000fcec8468,0x00000000fdd00000)
  to   space 30720K, 0% used [0x00000000fe200000,0x00000000fe200000,0x0000000100000000)
 ParOldGen       total 254464K, used 166131K [0x00000000e0000000, 0x00000000ef880000, 0x00000000f5580000)
  object space 254464K, 65% used [0x00000000e0000000,0x00000000ea23cee8,0x00000000ef880000)
 Metaspace       used 104384K, capacity 110102K, committed 110464K, reserved 1144832K
  class space    used 13643K, capacity 14824K, committed 14976K, reserved 1048576K
}

