# JRE version: Java(TM) SE Runtime Environment (8.0_271-b09) (build 1.8.0_271-b09)
# Java VM: Java HotSpot(TM) 64-Bit Server VM (25.271-b09 mixed mode windows-amd64 compressed oops)
Heap:
 PSYoungGen      total 136192K, used 97177K [0x00000000f5580000, 0x00000000ffa00000, 0x0000000100000000)
  eden space 102912K, 87% used [0x00000000f5580000,0x00000000fadbd1c0,0x00000000fba00000)
  from space 33280K, 20% used [0x00000000fd980000,0x00000000fe0294b8,0x00000000ffa00000)
  to   space 32256K, 0% used [0x00000000fba00000,0x00000000fba00000,0x00000000fd980000)
 ParOldGen       total 206336K, used 145060K [0x00000000e0000000, 0x00000000ec980000, 0x00000000f5580000)
  object space 206336K, 70% used [0x00000000e0000000,0x00000000e8da9258,0x00000000ec980000)
 Metaspace       used 77685K, capacity 82544K, committed 82776K, reserved 1120256K
  class space    used 10819K, capacity 11829K, committed 11904K, reserved 1048576K
GC Heap History (10 events):
Event: 46.633 GC heap before
{Heap before GC invocations=25 (full 3):
 PSYoungGen      total 131072K, used 94032K [0x00000000f5580000, 0x00000000ffc80000, 0x0000000100000000)
  eden space 89600K, 100% used [0x00000000f5580000,0x00000000fad00000,0x00000000fad00000)
  from space 41472K, 10% used [0x00000000fad00000,0x00000000fb154018,0x00000000fd580000)
  to   space 39936K, 0% used [0x00000000fd580000,0x00000000fd580000,0x00000000ffc80000)
 ParOldGen       total 206336K, used 130363K [0x00000000e0000000, 0x00000000ec980000, 0x00000000f5580000)
  object space 206336K, 63% used [0x00000000e0000000,0x00000000e7f4ee98,0x00000000ec980000)
 Metaspace       used 77475K, capacity 82338K, committed 82520K, reserved 1120256K
  class space    used 10810K, capacity 11828K, committed 11904K, reserved 1048576K
Event: 46.652 GC heap after
Heap after GC invocations=25 (full 3):
 PSYoungGen      total 132096K, used 1643K [0x00000000f5580000, 0x00000000ffc80000, 0x0000000100000000)
  eden space 92160K, 0% used [0x00000000f5580000,0x00000000f5580000,0x00000000faf80000)
  from space 39936K, 4% used [0x00000000fd580000,0x00000000fd71afb0,0x00000000ffc80000)
  to   space 38912K, 0% used [0x00000000faf80000,0x00000000faf80000,0x00000000fd580000)
 ParOldGen       total 206336K, used 133651K [0x00000000e0000000, 0x00000000ec980000, 0x00000000f5580000)
  object space 206336K, 64% used [0x00000000e0000000,0x00000000e8284fe0,0x00000000ec980000)
 Metaspace       used 77475K, capacity 82338K, committed 82520K, reserved 1120256K
  class space    used 10810K, capacity 11828K, committed 11904K, reserved 1048576K
}
Event: 47.043 GC heap before
{Heap before GC invocations=26 (full 3):
 PSYoungGen      total 132096K, used 93803K [0x00000000f5580000, 0x00000000ffc80000, 0x0000000100000000)
  eden space 92160K, 100% used [0x00000000f5580000,0x00000000faf80000,0x00000000faf80000)
  from space 39936K, 4% used [0x00000000fd580000,0x00000000fd71afb0,0x00000000ffc80000)
  to   space 38912K, 0% used [0x00000000faf80000,0x00000000faf80000,0x00000000fd580000)
 ParOldGen       total 206336K, used 133651K [0x00000000e0000000, 0x00000000ec980000, 0x00000000f5580000)
  object space 206336K, 64% used [0x00000000e0000000,0x00000000e8284fe0,0x00000000ec980000)
 Metaspace       used 77513K, capacity 82338K, committed 82520K, reserved 1120256K
  class space    used 10811K, capacity 11828K, committed 11904K, reserved 1048576K
Event: 47.063 GC heap after
Heap after GC invocations=26 (full 3):
 PSYoungGen      total 131072K, used 4581K [0x00000000f5580000, 0x00000000ffc00000, 0x0000000100000000)
  eden space 92160K, 0% used [0x00000000f5580000,0x00000000f5580000,0x00000000faf80000)
  from space 38912K, 11% used [0x00000000faf80000,0x00000000fb3f9650,0x00000000fd580000)
  to   space 37376K, 0% used [0x00000000fd780000,0x00000000fd780000,0x00000000ffc00000)
 ParOldGen       total 206336K, used 135075K [0x00000000e0000000, 0x00000000ec980000, 0x00000000f5580000)
  object space 206336K, 65% used [0x00000000e0000000,0x00000000e83e8cb8,0x00000000ec980000)
 Metaspace       used 77513K, capacity 82338K, committed 82520K, reserved 1120256K
  class space    used 10811K, capacity 11828K, committed 11904K, reserved 1048576K
}
Event: 47.523 GC heap before
{Heap before GC invocations=27 (full 3):
 PSYoungGen      total 131072K, used 96741K [0x00000000f5580000, 0x00000000ffc00000, 0x0000000100000000)
  eden space 92160K, 100% used [0x00000000f5580000,0x00000000faf80000,0x00000000faf80000)
  from space 38912K, 11% used [0x00000000faf80000,0x00000000fb3f9650,0x00000000fd580000)
  to   space 37376K, 0% used [0x00000000fd780000,0x00000000fd780000,0x00000000ffc00000)
 ParOldGen       total 206336K, used 135075K [0x00000000e0000000, 0x00000000ec980000, 0x00000000f5580000)
  object space 206336K, 65% used [0x00000000e0000000,0x00000000e83e8cb8,0x00000000ec980000)
 Metaspace       used 77533K, capacity 82402K, committed 82520K, reserved 1120256K
  class space    used 10816K, capacity 11828K, committed 11904K, reserved 1048576K
Event: 47.550 GC heap after
Heap after GC invocations=27 (full 3):
 PSYoungGen      total 134144K, used 3007K [0x00000000f5580000, 0x00000000ffc80000, 0x0000000100000000)
  eden space 96768K, 0% used [0x00000000f5580000,0x00000000f5580000,0x00000000fb400000)
  from space 37376K, 8% used [0x00000000fd780000,0x00000000fda6fc70,0x00000000ffc00000)
  to   space 36352K, 0% used [0x00000000fb400000,0x00000000fb400000,0x00000000fd780000)
 ParOldGen       total 206336K, used 139058K [0x00000000e0000000, 0x00000000ec980000, 0x00000000f5580000)
  object space 206336K, 67% used [0x00000000e0000000,0x00000000e87cc908,0x00000000ec980000)
 Metaspace       used 77533K, capacity 82402K, committed 82520K, reserved 1120256K
  class space    used 10816K, capacity 11828K, committed 11904K, reserved 1048576K
}
Event: 48.108 GC heap before
{Heap before GC invocations=28 (full 3):
 PSYoungGen      total 134144K, used 99775K [0x00000000f5580000, 0x00000000ffc80000, 0x0000000100000000)
  eden space 96768K, 100% used [0x00000000f5580000,0x00000000fb400000,0x00000000fb400000)
  from space 37376K, 8% used [0x00000000fd780000,0x00000000fda6fc70,0x00000000ffc00000)
  to   space 36352K, 0% used [0x00000000fb400000,0x00000000fb400000,0x00000000fd780000)
 ParOldGen       total 206336K, used 139058K [0x00000000e0000000, 0x00000000ec980000, 0x00000000f5580000)
  object space 206336K, 67% used [0x00000000e0000000,0x00000000e87cc908,0x00000000ec980000)
 Metaspace       used 77579K, capacity 82412K, committed 82520K, reserved 1120256K
  class space    used 10817K, capacity 11829K, committed 11904K, reserved 1048576K
Event: 48.129 GC heap after
Heap after GC invocations=28 (full 3):
 PSYoungGen      total 133120K, used 3921K [0x00000000f5580000, 0x00000000ffb00000, 0x0000000100000000)
  eden space 96768K, 0% used [0x00000000f5580000,0x00000000f5580000,0x00000000fb400000)
  from space 36352K, 10% used [0x00000000fb400000,0x00000000fb7d4788,0x00000000fd780000)
  to   space 34304K, 0% used [0x00000000fd980000,0x00000000fd980000,0x00000000ffb00000)
 ParOldGen       total 206336K, used 141648K [0x00000000e0000000, 0x00000000ec980000, 0x00000000f5580000)
  object space 206336K, 68% used [0x00000000e0000000,0x00000000e8a54168,0x00000000ec980000)
 Metaspace       used 77579K, capacity 82412K, committed 82520K, reserved 1120256K
  class space    used 10817K, capacity 11829K, committed 11904K, reserved 1048576K
}
Event: 48.658 GC heap before
{Heap before GC invocations=29 (full 3):
 PSYoungGen      total 133120K, used 100689K [0x00000000f5580000, 0x00000000ffb00000, 0x0000000100000000)
  eden space 96768K, 100% used [0x00000000f5580000,0x00000000fb400000,0x00000000fb400000)
  from space 36352K, 10% used [0x00000000fb400000,0x00000000fb7d4788,0x00000000fd780000)
  to   space 34304K, 0% used [0x00000000fd980000,0x00000000fd980000,0x00000000ffb00000)
 ParOldGen       total 206336K, used 141648K [0x00000000e0000000, 0x00000000ec980000, 0x00000000f5580000)
  object space 206336K, 68% used [0x00000000e0000000,0x00000000e8a54168,0x00000000ec980000)
 Metaspace       used 77658K, capacity 82480K, committed 82776K, reserved 1120256K
  class space    used 10817K, capacity 11829K, committed 11904K, reserved 1048576K
Event: 48.683 GC heap after
Heap after GC invocations=29 (full 3):
 PSYoungGen      total 136192K, used 6821K [0x00000000f5580000, 0x00000000ffa00000, 0x0000000100000000)
  eden space 102912K, 0% used [0x00000000f5580000,0x00000000f5580000,0x00000000fba00000)
  from space 33280K, 20% used [0x00000000fd980000,0x00000000fe0294b8,0x00000000ffa00000)
  to   space 32256K, 0% used [0x00000000fba00000,0x00000000fba00000,0x00000000fd980000)
 ParOldGen       total 206336K, used 145060K [0x00000000e0000000, 0x00000000ec980000, 0x00000000f5580000)
  object space 206336K, 70% used [0x00000000e0000000,0x00000000e8da9258,0x00000000ec980000)
 Metaspace       used 77658K, capacity 82480K, committed 82776K, reserved 1120256K
  class space    used 10817K, capacity 11829K, committed 11904K, reserved 1048576K
}

