{"C:\\workspace\\Estudo\\Rocketseat\\gobarber\\mobile\\src\\components\\Button\\index.tsx": {"path":"C:\\workspace\\Estudo\\Rocketseat\\gobarber\\mobile\\src\\components\\Button\\index.tsx","statementMap":{"0":{"start":{"line":10,"column":38},"end":{"line":14,"column":1}},"1":{"start":{"line":11,"column":2},"end":{"line":13,"column":14}}},"fnMap":{"0":{"name":"(anonymous_0)","decl":{"start":{"line":10,"column":38},"end":{"line":10,"column":39}},"loc":{"start":{"line":11,"column":2},"end":{"line":13,"column":14}},"line":11}},"branchMap":{},"s":{"0":1,"1":1},"f":{"0":1},"b":{},"_coverageSchema":"1a1c01bbd47fc00a2c39e90264f33305004495a9","hash":"16c5132ae16a29a72ba7c3d3a8e53416a5b52c76"}
,"C:\\workspace\\Estudo\\Rocketseat\\gobarber\\mobile\\src\\components\\ImagePicker\\index.tsx": {"path":"C:\\workspace\\Estudo\\Rocketseat\\gobarber\\mobile\\src\\components\\ImagePicker\\index.tsx","statementMap":{"0":{"start":{"line":11,"column":30},"end":{"line":110,"column":1}},"1":{"start":{"line":12,"column":28},"end":{"line":57,"column":8}},"2":{"start":{"line":13,"column":4},"end":{"line":56,"column":6}},"3":{"start":{"line":59,"column":30},"end":{"line":88,"column":8}},"4":{"start":{"line":60,"column":4},"end":{"line":62,"column":5}},"5":{"start":{"line":61,"column":6},"end":{"line":61,"column":13}},"6":{"start":{"line":64,"column":4},"end":{"line":67,"column":5}},"7":{"start":{"line":65,"column":6},"end":{"line":65,"column":51}},"8":{"start":{"line":66,"column":6},"end":{"line":66,"column":13}},"9":{"start":{"line":69,"column":4},"end":{"line":71,"column":5}},"10":{"start":{"line":70,"column":6},"end":{"line":70,"column":13}},"11":{"start":{"line":73,"column":4},"end":{"line":75,"column":5}},"12":{"start":{"line":74,"column":6},"end":{"line":74,"column":13}},"13":{"start":{"line":77,"column":4},"end":{"line":79,"column":5}},"14":{"start":{"line":78,"column":6},"end":{"line":78,"column":13}},"15":{"start":{"line":81,"column":17},"end":{"line":81,"column":31}},"16":{"start":{"line":83,"column":4},"end":{"line":87,"column":7}},"17":{"start":{"line":90,"column":28},"end":{"line":107,"column":36}},"18":{"start":{"line":91,"column":4},"end":{"line":106,"column":6}},"19":{"start":{"line":95,"column":8},"end":{"line":104,"column":10}},"20":{"start":{"line":98,"column":12},"end":{"line":102,"column":13}},"21":{"start":{"line":99,"column":14},"end":{"line":99,"column":71}},"22":{"start":{"line":101,"column":14},"end":{"line":101,"column":77}},"23":{"start":{"line":109,"column":2},"end":{"line":109,"column":18}}},"fnMap":{"0":{"name":"(anonymous_0)","decl":{"start":{"line":11,"column":30},"end":{"line":11,"column":31}},"loc":{"start":{"line":11,"column":36},"end":{"line":110,"column":1}},"line":11},"1":{"name":"(anonymous_1)","decl":{"start":{"line":12,"column":36},"end":{"line":12,"column":37}},"loc":{"start":{"line":12,"column":42},"end":{"line":57,"column":3}},"line":12},"2":{"name":"(anonymous_2)","decl":{"start":{"line":59,"column":42},"end":{"line":59,"column":43}},"loc":{"start":{"line":59,"column":77},"end":{"line":88,"column":3}},"line":59},"3":{"name":"(anonymous_3)","decl":{"start":{"line":90,"column":40},"end":{"line":90,"column":41}},"loc":{"start":{"line":90,"column":46},"end":{"line":107,"column":3}},"line":90},"4":{"name":"(anonymous_4)","decl":{"start":{"line":94,"column":18},"end":{"line":94,"column":19}},"loc":{"start":{"line":94,"column":48},"end":{"line":105,"column":7}},"line":94},"5":{"name":"(anonymous_5)","decl":{"start":{"line":97,"column":19},"end":{"line":97,"column":20}},"loc":{"start":{"line":97,"column":25},"end":{"line":103,"column":11}},"line":97}},"branchMap":{"0":{"loc":{"start":{"line":60,"column":4},"end":{"line":62,"column":5}},"type":"if","locations":[{"start":{"line":60,"column":4},"end":{"line":62,"column":5}},{"start":{"line":60,"column":4},"end":{"line":62,"column":5}}],"line":60},"1":{"loc":{"start":{"line":64,"column":4},"end":{"line":67,"column":5}},"type":"if","locations":[{"start":{"line":64,"column":4},"end":{"line":67,"column":5}},{"start":{"line":64,"column":4},"end":{"line":67,"column":5}}],"line":64},"2":{"loc":{"start":{"line":69,"column":4},"end":{"line":71,"column":5}},"type":"if","locations":[{"start":{"line":69,"column":4},"end":{"line":71,"column":5}},{"start":{"line":69,"column":4},"end":{"line":71,"column":5}}],"line":69},"3":{"loc":{"start":{"line":73,"column":4},"end":{"line":75,"column":5}},"type":"if","locations":[{"start":{"line":73,"column":4},"end":{"line":75,"column":5}},{"start":{"line":73,"column":4},"end":{"line":75,"column":5}}],"line":73},"4":{"loc":{"start":{"line":77,"column":4},"end":{"line":79,"column":5}},"type":"if","locations":[{"start":{"line":77,"column":4},"end":{"line":79,"column":5}},{"start":{"line":77,"column":4},"end":{"line":79,"column":5}}],"line":77},"5":{"loc":{"start":{"line":98,"column":12},"end":{"line":102,"column":13}},"type":"if","locations":[{"start":{"line":98,"column":12},"end":{"line":102,"column":13}},{"start":{"line":98,"column":12},"end":{"line":102,"column":13}}],"line":98}},"s":{"0":0,"1":0,"2":0,"3":0,"4":0,"5":0,"6":0,"7":0,"8":0,"9":0,"10":0,"11":0,"12":0,"13":0,"14":0,"15":0,"16":0,"17":0,"18":0,"19":0,"20":0,"21":0,"22":0,"23":0},"f":{"0":0,"1":0,"2":0,"3":0,"4":0,"5":0},"b":{"0":[0,0],"1":[0,0],"2":[0,0],"3":[0,0],"4":[0,0],"5":[0,0]}}
,"C:\\workspace\\Estudo\\Rocketseat\\gobarber\\mobile\\src\\components\\Input\\index.tsx": {"path":"C:\\workspace\\Estudo\\Rocketseat\\gobarber\\mobile\\src\\components\\Input\\index.tsx","statementMap":{"0":{"start":{"line":28,"column":68},"end":{"line":94,"column":1}},"1":{"start":{"line":32,"column":26},"end":{"line":32,"column":43}},"2":{"start":{"line":34,"column":65},"end":{"line":34,"column":79}},"3":{"start":{"line":35,"column":24},"end":{"line":35,"column":76}},"4":{"start":{"line":37,"column":36},"end":{"line":37,"column":51}},"5":{"start":{"line":38,"column":34},"end":{"line":38,"column":49}},"6":{"start":{"line":40,"column":27},"end":{"line":42,"column":8}},"7":{"start":{"line":41,"column":4},"end":{"line":41,"column":23}},"8":{"start":{"line":44,"column":26},"end":{"line":48,"column":8}},"9":{"start":{"line":45,"column":4},"end":{"line":45,"column":24}},"10":{"start":{"line":47,"column":4},"end":{"line":47,"column":47}},"11":{"start":{"line":50,"column":2},"end":{"line":54,"column":6}},"12":{"start":{"line":50,"column":34},"end":{"line":54,"column":3}},"13":{"start":{"line":52,"column":6},"end":{"line":52,"column":38}},"14":{"start":{"line":56,"column":2},"end":{"line":70,"column":33}},"15":{"start":{"line":57,"column":4},"end":{"line":69,"column":7}},"16":{"start":{"line":62,"column":8},"end":{"line":62,"column":44}},"17":{"start":{"line":63,"column":8},"end":{"line":63,"column":64}},"18":{"start":{"line":66,"column":8},"end":{"line":66,"column":41}},"19":{"start":{"line":67,"column":8},"end":{"line":67,"column":40}},"20":{"start":{"line":72,"column":2},"end":{"line":93,"column":4}},"21":{"start":{"line":88,"column":10},"end":{"line":88,"column":46}}},"fnMap":{"0":{"name":"(anonymous_0)","decl":{"start":{"line":28,"column":68},"end":{"line":28,"column":69}},"loc":{"start":{"line":31,"column":5},"end":{"line":94,"column":1}},"line":31},"1":{"name":"(anonymous_1)","decl":{"start":{"line":40,"column":39},"end":{"line":40,"column":40}},"loc":{"start":{"line":40,"column":45},"end":{"line":42,"column":3}},"line":40},"2":{"name":"(anonymous_2)","decl":{"start":{"line":44,"column":38},"end":{"line":44,"column":39}},"loc":{"start":{"line":44,"column":44},"end":{"line":48,"column":3}},"line":44},"3":{"name":"(anonymous_3)","decl":{"start":{"line":50,"column":27},"end":{"line":50,"column":28}},"loc":{"start":{"line":50,"column":34},"end":{"line":54,"column":3}},"line":50},"4":{"name":"(anonymous_4)","decl":{"start":{"line":51,"column":4},"end":{"line":51,"column":5}},"loc":{"start":{"line":51,"column":12},"end":{"line":53,"column":5}},"line":51},"5":{"name":"(anonymous_5)","decl":{"start":{"line":56,"column":12},"end":{"line":56,"column":13}},"loc":{"start":{"line":56,"column":18},"end":{"line":70,"column":3}},"line":56},"6":{"name":"(anonymous_6)","decl":{"start":{"line":61,"column":6},"end":{"line":61,"column":7}},"loc":{"start":{"line":61,"column":30},"end":{"line":64,"column":7}},"line":61},"7":{"name":"(anonymous_7)","decl":{"start":{"line":65,"column":6},"end":{"line":65,"column":7}},"loc":{"start":{"line":65,"column":19},"end":{"line":68,"column":7}},"line":65},"8":{"name":"(anonymous_8)","decl":{"start":{"line":87,"column":22},"end":{"line":87,"column":23}},"loc":{"start":{"line":87,"column":31},"end":{"line":89,"column":9}},"line":87}},"branchMap":{"0":{"loc":{"start":{"line":29,"column":16},"end":{"line":29,"column":35}},"type":"default-arg","locations":[{"start":{"line":29,"column":33},"end":{"line":29,"column":35}}],"line":29},"1":{"loc":{"start":{"line":34,"column":25},"end":{"line":34,"column":42}},"type":"default-arg","locations":[{"start":{"line":34,"column":40},"end":{"line":34,"column":42}}],"line":34},"2":{"loc":{"start":{"line":77,"column":15},"end":{"line":77,"column":60}},"type":"cond-expr","locations":[{"start":{"line":77,"column":39},"end":{"line":77,"column":48}},{"start":{"line":77,"column":51},"end":{"line":77,"column":60}}],"line":77},"3":{"loc":{"start":{"line":77,"column":15},"end":{"line":77,"column":36}},"type":"binary-expr","locations":[{"start":{"line":77,"column":15},"end":{"line":77,"column":24}},{"start":{"line":77,"column":28},"end":{"line":77,"column":36}}],"line":77}},"s":{"0":1,"1":2,"2":2,"3":2,"4":2,"5":2,"6":2,"7":0,"8":2,"9":0,"10":0,"11":2,"12":1,"13":0,"14":2,"15":2,"16":0,"17":0,"18":0,"19":0,"20":2,"21":0},"f":{"0":2,"1":0,"2":0,"3":1,"4":0,"5":2,"6":0,"7":0,"8":0},"b":{"0":[2],"1":[2],"2":[0,2],"3":[2,2]},"_coverageSchema":"1a1c01bbd47fc00a2c39e90264f33305004495a9","hash":"4b9af368572ff0fcf1b212578726f203d62adc69"}
,"C:\\workspace\\Estudo\\Rocketseat\\gobarber\\mobile\\src\\hooks\\auth.tsx": {"path":"C:\\workspace\\Estudo\\Rocketseat\\gobarber\\mobile\\src\\hooks\\auth.tsx","statementMap":{"0":{"start":{"line":37,"column":20},"end":{"line":37,"column":75}},"1":{"start":{"line":39,"column":38},"end":{"line":105,"column":1}},"2":{"start":{"line":40,"column":26},"end":{"line":40,"column":62}},"3":{"start":{"line":41,"column":32},"end":{"line":41,"column":46}},"4":{"start":{"line":43,"column":2},"end":{"line":60,"column":9}},"5":{"start":{"line":44,"column":28},"end":{"line":57,"column":5}},"6":{"start":{"line":45,"column":28},"end":{"line":48,"column":8}},"7":{"start":{"line":50,"column":6},"end":{"line":54,"column":7}},"8":{"start":{"line":51,"column":8},"end":{"line":51,"column":66}},"9":{"start":{"line":53,"column":8},"end":{"line":53,"column":64}},"10":{"start":{"line":56,"column":6},"end":{"line":56,"column":24}},"11":{"start":{"line":59,"column":4},"end":{"line":59,"column":22}},"12":{"start":{"line":62,"column":17},"end":{"line":78,"column":8}},"13":{"start":{"line":63,"column":21},"end":{"line":66,"column":6}},"14":{"start":{"line":68,"column":28},"end":{"line":68,"column":41}},"15":{"start":{"line":70,"column":4},"end":{"line":73,"column":7}},"16":{"start":{"line":75,"column":4},"end":{"line":75,"column":59}},"17":{"start":{"line":77,"column":4},"end":{"line":77,"column":29}},"18":{"start":{"line":80,"column":18},"end":{"line":84,"column":8}},"19":{"start":{"line":81,"column":4},"end":{"line":81,"column":74}},"20":{"start":{"line":83,"column":4},"end":{"line":83,"column":29}},"21":{"start":{"line":86,"column":21},"end":{"line":96,"column":3}},"22":{"start":{"line":88,"column":6},"end":{"line":88,"column":73}},"23":{"start":{"line":90,"column":6},"end":{"line":93,"column":9}},"24":{"start":{"line":98,"column":2},"end":{"line":104,"column":4}},"25":{"start":{"line":108,"column":18},"end":{"line":108,"column":41}},"26":{"start":{"line":110,"column":2},"end":{"line":112,"column":3}},"27":{"start":{"line":111,"column":4},"end":{"line":111,"column":67}},"28":{"start":{"line":114,"column":2},"end":{"line":114,"column":17}}},"fnMap":{"0":{"name":"(anonymous_0)","decl":{"start":{"line":39,"column":38},"end":{"line":39,"column":39}},"loc":{"start":{"line":39,"column":56},"end":{"line":105,"column":1}},"line":39},"1":{"name":"(anonymous_1)","decl":{"start":{"line":43,"column":12},"end":{"line":43,"column":13}},"loc":{"start":{"line":43,"column":18},"end":{"line":60,"column":3}},"line":43},"2":{"name":"(anonymous_2)","decl":{"start":{"line":44,"column":28},"end":{"line":44,"column":29}},"loc":{"start":{"line":44,"column":40},"end":{"line":57,"column":5}},"line":44},"3":{"name":"(anonymous_3)","decl":{"start":{"line":62,"column":29},"end":{"line":62,"column":30}},"loc":{"start":{"line":62,"column":60},"end":{"line":78,"column":3}},"line":62},"4":{"name":"(anonymous_4)","decl":{"start":{"line":80,"column":30},"end":{"line":80,"column":31}},"loc":{"start":{"line":80,"column":42},"end":{"line":84,"column":3}},"line":80},"5":{"name":"(anonymous_5)","decl":{"start":{"line":87,"column":4},"end":{"line":87,"column":5}},"loc":{"start":{"line":87,"column":26},"end":{"line":94,"column":5}},"line":87},"6":{"name":"useAuth","decl":{"start":{"line":107,"column":16},"end":{"line":107,"column":23}},"loc":{"start":{"line":107,"column":44},"end":{"line":115,"column":1}},"line":107}},"branchMap":{"0":{"loc":{"start":{"line":50,"column":6},"end":{"line":54,"column":7}},"type":"if","locations":[{"start":{"line":50,"column":6},"end":{"line":54,"column":7}},{"start":{"line":50,"column":6},"end":{"line":54,"column":7}}],"line":50},"1":{"loc":{"start":{"line":50,"column":10},"end":{"line":50,"column":29}},"type":"binary-expr","locations":[{"start":{"line":50,"column":10},"end":{"line":50,"column":18}},{"start":{"line":50,"column":22},"end":{"line":50,"column":29}}],"line":50},"2":{"loc":{"start":{"line":110,"column":2},"end":{"line":112,"column":3}},"type":"if","locations":[{"start":{"line":110,"column":2},"end":{"line":112,"column":3}},{"start":{"line":110,"column":2},"end":{"line":112,"column":3}}],"line":110}},"s":{"0":1,"1":1,"2":0,"3":0,"4":0,"5":0,"6":0,"7":0,"8":0,"9":0,"10":0,"11":0,"12":0,"13":0,"14":0,"15":0,"16":0,"17":0,"18":0,"19":0,"20":0,"21":0,"22":0,"23":0,"24":0,"25":1,"26":1,"27":0,"28":1},"f":{"0":0,"1":0,"2":0,"3":0,"4":0,"5":0,"6":1},"b":{"0":[0,0],"1":[0,0],"2":[0,1]},"_coverageSchema":"1a1c01bbd47fc00a2c39e90264f33305004495a9","hash":"0ce942383237b93bf30f3c40d40c389d80ec3440"}
,"C:\\workspace\\Estudo\\Rocketseat\\gobarber\\mobile\\src\\pages\\AppointmentCreated\\index.tsx": {"path":"C:\\workspace\\Estudo\\Rocketseat\\gobarber\\mobile\\src\\pages\\AppointmentCreated\\index.tsx","statementMap":{"0":{"start":{"line":19,"column":37},"end":{"line":52,"column":1}},"1":{"start":{"line":20,"column":20},"end":{"line":20,"column":35}},"2":{"start":{"line":21,"column":21},"end":{"line":21,"column":31}},"3":{"start":{"line":23,"column":22},"end":{"line":23,"column":43}},"4":{"start":{"line":25,"column":26},"end":{"line":30,"column":13}},"5":{"start":{"line":26,"column":4},"end":{"line":29,"column":7}},"6":{"start":{"line":32,"column":24},"end":{"line":38,"column":24}},"7":{"start":{"line":33,"column":4},"end":{"line":37,"column":6}},"8":{"start":{"line":40,"column":2},"end":{"line":51,"column":4}}},"fnMap":{"0":{"name":"(anonymous_0)","decl":{"start":{"line":19,"column":37},"end":{"line":19,"column":38}},"loc":{"start":{"line":19,"column":43},"end":{"line":52,"column":1}},"line":19},"1":{"name":"(anonymous_1)","decl":{"start":{"line":25,"column":38},"end":{"line":25,"column":39}},"loc":{"start":{"line":25,"column":44},"end":{"line":30,"column":3}},"line":25},"2":{"name":"(anonymous_2)","decl":{"start":{"line":32,"column":32},"end":{"line":32,"column":33}},"loc":{"start":{"line":32,"column":38},"end":{"line":38,"column":3}},"line":32}},"branchMap":{},"s":{"0":0,"1":0,"2":0,"3":0,"4":0,"5":0,"6":0,"7":0,"8":0},"f":{"0":0,"1":0,"2":0},"b":{}}
,"C:\\workspace\\Estudo\\Rocketseat\\gobarber\\mobile\\src\\pages\\CreateAppointment\\index.tsx": {"path":"C:\\workspace\\Estudo\\Rocketseat\\gobarber\\mobile\\src\\pages\\CreateAppointment\\index.tsx","statementMap":{"0":{"start":{"line":52,"column":36},"end":{"line":284,"column":1}},"1":{"start":{"line":53,"column":16},"end":{"line":53,"column":26}},"2":{"start":{"line":54,"column":19},"end":{"line":54,"column":28}},"3":{"start":{"line":55,"column":38},"end":{"line":55,"column":53}},"4":{"start":{"line":57,"column":22},"end":{"line":57,"column":49}},"5":{"start":{"line":59,"column":36},"end":{"line":59,"column":60}},"6":{"start":{"line":60,"column":50},"end":{"line":62,"column":3}},"7":{"start":{"line":63,"column":46},"end":{"line":63,"column":61}},"8":{"start":{"line":64,"column":42},"end":{"line":64,"column":62}},"9":{"start":{"line":65,"column":42},"end":{"line":65,"column":74}},"10":{"start":{"line":66,"column":42},"end":{"line":66,"column":53}},"11":{"start":{"line":68,"column":2},"end":{"line":72,"column":9}},"12":{"start":{"line":69,"column":4},"end":{"line":71,"column":7}},"13":{"start":{"line":70,"column":6},"end":{"line":70,"column":34}},"14":{"start":{"line":74,"column":2},"end":{"line":86,"column":39}},"15":{"start":{"line":75,"column":4},"end":{"line":85,"column":9}},"16":{"start":{"line":84,"column":8},"end":{"line":84,"column":39}},"17":{"start":{"line":88,"column":23},"end":{"line":90,"column":14}},"18":{"start":{"line":89,"column":4},"end":{"line":89,"column":13}},"19":{"start":{"line":92,"column":31},"end":{"line":94,"column":8}},"20":{"start":{"line":93,"column":4},"end":{"line":93,"column":36}},"21":{"start":{"line":96,"column":33},"end":{"line":98,"column":8}},"22":{"start":{"line":97,"column":4},"end":{"line":97,"column":39}},"23":{"start":{"line":97,"column":31},"end":{"line":97,"column":37}},"24":{"start":{"line":100,"column":28},"end":{"line":111,"column":3}},"25":{"start":{"line":102,"column":6},"end":{"line":104,"column":7}},"26":{"start":{"line":103,"column":8},"end":{"line":103,"column":33}},"27":{"start":{"line":106,"column":6},"end":{"line":108,"column":7}},"28":{"start":{"line":107,"column":8},"end":{"line":107,"column":30}},"29":{"start":{"line":113,"column":27},"end":{"line":115,"column":8}},"30":{"start":{"line":114,"column":4},"end":{"line":114,"column":26}},"31":{"start":{"line":117,"column":34},"end":{"line":154,"column":59}},"32":{"start":{"line":118,"column":4},"end":{"line":153,"column":5}},"33":{"start":{"line":119,"column":19},"end":{"line":119,"column":41}},"34":{"start":{"line":121,"column":6},"end":{"line":121,"column":34}},"35":{"start":{"line":122,"column":6},"end":{"line":122,"column":25}},"36":{"start":{"line":124,"column":6},"end":{"line":127,"column":9}},"37":{"start":{"line":130,"column":6},"end":{"line":136,"column":9}},"38":{"start":{"line":138,"column":6},"end":{"line":152,"column":7}},"39":{"start":{"line":139,"column":8},"end":{"line":151,"column":9}},"40":{"start":{"line":140,"column":10},"end":{"line":140,"column":76}},"41":{"start":{"line":141,"column":15},"end":{"line":151,"column":9}},"42":{"start":{"line":142,"column":10},"end":{"line":145,"column":12}},"43":{"start":{"line":146,"column":15},"end":{"line":151,"column":9}},"44":{"start":{"line":147,"column":10},"end":{"line":150,"column":12}},"45":{"start":{"line":156,"column":30},"end":{"line":166,"column":20}},"46":{"start":{"line":157,"column":4},"end":{"line":165,"column":9}},"47":{"start":{"line":158,"column":28},"end":{"line":158,"column":37}},"48":{"start":{"line":160,"column":8},"end":{"line":164,"column":10}},"49":{"start":{"line":168,"column":32},"end":{"line":178,"column":20}},"50":{"start":{"line":169,"column":4},"end":{"line":177,"column":9}},"51":{"start":{"line":170,"column":28},"end":{"line":170,"column":38}},"52":{"start":{"line":172,"column":8},"end":{"line":176,"column":10}},"53":{"start":{"line":180,"column":2},"end":{"line":283,"column":4}},"54":{"start":{"line":198,"column":38},"end":{"line":198,"column":49}},"55":{"start":{"line":200,"column":14},"end":{"line":208,"column":34}},"56":{"start":{"line":201,"column":31},"end":{"line":201,"column":64}},"57":{"start":{"line":240,"column":16},"end":{"line":250,"column":23}},"58":{"start":{"line":245,"column":33},"end":{"line":245,"column":55}},"59":{"start":{"line":261,"column":18},"end":{"line":271,"column":25}},"60":{"start":{"line":266,"column":35},"end":{"line":266,"column":57}}},"fnMap":{"0":{"name":"(anonymous_0)","decl":{"start":{"line":52,"column":36},"end":{"line":52,"column":37}},"loc":{"start":{"line":52,"column":42},"end":{"line":284,"column":1}},"line":52},"1":{"name":"(anonymous_1)","decl":{"start":{"line":68,"column":12},"end":{"line":68,"column":13}},"loc":{"start":{"line":68,"column":18},"end":{"line":72,"column":3}},"line":68},"2":{"name":"(anonymous_2)","decl":{"start":{"line":69,"column":30},"end":{"line":69,"column":31}},"loc":{"start":{"line":69,"column":42},"end":{"line":71,"column":5}},"line":69},"3":{"name":"(anonymous_3)","decl":{"start":{"line":74,"column":12},"end":{"line":74,"column":13}},"loc":{"start":{"line":74,"column":18},"end":{"line":86,"column":3}},"line":74},"4":{"name":"(anonymous_4)","decl":{"start":{"line":83,"column":12},"end":{"line":83,"column":13}},"loc":{"start":{"line":83,"column":24},"end":{"line":85,"column":7}},"line":83},"5":{"name":"(anonymous_5)","decl":{"start":{"line":88,"column":35},"end":{"line":88,"column":36}},"loc":{"start":{"line":88,"column":41},"end":{"line":90,"column":3}},"line":88},"6":{"name":"(anonymous_6)","decl":{"start":{"line":92,"column":43},"end":{"line":92,"column":44}},"loc":{"start":{"line":92,"column":67},"end":{"line":94,"column":3}},"line":92},"7":{"name":"(anonymous_7)","decl":{"start":{"line":96,"column":45},"end":{"line":96,"column":46}},"loc":{"start":{"line":96,"column":51},"end":{"line":98,"column":3}},"line":96},"8":{"name":"(anonymous_8)","decl":{"start":{"line":97,"column":22},"end":{"line":97,"column":23}},"loc":{"start":{"line":97,"column":31},"end":{"line":97,"column":37}},"line":97},"9":{"name":"(anonymous_9)","decl":{"start":{"line":101,"column":4},"end":{"line":101,"column":5}},"loc":{"start":{"line":101,"column":44},"end":{"line":109,"column":5}},"line":101},"10":{"name":"(anonymous_10)","decl":{"start":{"line":113,"column":39},"end":{"line":113,"column":40}},"loc":{"start":{"line":113,"column":47},"end":{"line":115,"column":3}},"line":113},"11":{"name":"(anonymous_11)","decl":{"start":{"line":117,"column":46},"end":{"line":117,"column":47}},"loc":{"start":{"line":117,"column":58},"end":{"line":154,"column":3}},"line":117},"12":{"name":"(anonymous_12)","decl":{"start":{"line":156,"column":38},"end":{"line":156,"column":39}},"loc":{"start":{"line":156,"column":44},"end":{"line":166,"column":3}},"line":156},"13":{"name":"(anonymous_13)","decl":{"start":{"line":158,"column":14},"end":{"line":158,"column":15}},"loc":{"start":{"line":158,"column":28},"end":{"line":158,"column":37}},"line":158},"14":{"name":"(anonymous_14)","decl":{"start":{"line":159,"column":11},"end":{"line":159,"column":12}},"loc":{"start":{"line":159,"column":36},"end":{"line":165,"column":7}},"line":159},"15":{"name":"(anonymous_15)","decl":{"start":{"line":168,"column":40},"end":{"line":168,"column":41}},"loc":{"start":{"line":168,"column":46},"end":{"line":178,"column":3}},"line":168},"16":{"name":"(anonymous_16)","decl":{"start":{"line":170,"column":14},"end":{"line":170,"column":15}},"loc":{"start":{"line":170,"column":28},"end":{"line":170,"column":38}},"line":170},"17":{"name":"(anonymous_17)","decl":{"start":{"line":171,"column":11},"end":{"line":171,"column":12}},"loc":{"start":{"line":171,"column":36},"end":{"line":177,"column":7}},"line":171},"18":{"name":"(anonymous_18)","decl":{"start":{"line":198,"column":26},"end":{"line":198,"column":27}},"loc":{"start":{"line":198,"column":38},"end":{"line":198,"column":49}},"line":198},"19":{"name":"(anonymous_19)","decl":{"start":{"line":199,"column":24},"end":{"line":199,"column":25}},"loc":{"start":{"line":200,"column":14},"end":{"line":208,"column":34}},"line":200},"20":{"name":"(anonymous_20)","decl":{"start":{"line":201,"column":25},"end":{"line":201,"column":26}},"loc":{"start":{"line":201,"column":31},"end":{"line":201,"column":64}},"line":201},"21":{"name":"(anonymous_21)","decl":{"start":{"line":239,"column":39},"end":{"line":239,"column":40}},"loc":{"start":{"line":240,"column":16},"end":{"line":250,"column":23}},"line":240},"22":{"name":"(anonymous_22)","decl":{"start":{"line":245,"column":27},"end":{"line":245,"column":28}},"loc":{"start":{"line":245,"column":33},"end":{"line":245,"column":55}},"line":245},"23":{"name":"(anonymous_23)","decl":{"start":{"line":260,"column":16},"end":{"line":260,"column":17}},"loc":{"start":{"line":261,"column":18},"end":{"line":271,"column":25}},"line":261},"24":{"name":"(anonymous_24)","decl":{"start":{"line":266,"column":29},"end":{"line":266,"column":30}},"loc":{"start":{"line":266,"column":35},"end":{"line":266,"column":57}},"line":266}},"branchMap":{"0":{"loc":{"start":{"line":102,"column":6},"end":{"line":104,"column":7}},"type":"if","locations":[{"start":{"line":102,"column":6},"end":{"line":104,"column":7}},{"start":{"line":102,"column":6},"end":{"line":104,"column":7}}],"line":102},"1":{"loc":{"start":{"line":106,"column":6},"end":{"line":108,"column":7}},"type":"if","locations":[{"start":{"line":106,"column":6},"end":{"line":108,"column":7}},{"start":{"line":106,"column":6},"end":{"line":108,"column":7}}],"line":106},"2":{"loc":{"start":{"line":138,"column":6},"end":{"line":152,"column":7}},"type":"if","locations":[{"start":{"line":138,"column":6},"end":{"line":152,"column":7}},{"start":{"line":138,"column":6},"end":{"line":152,"column":7}}],"line":138},"3":{"loc":{"start":{"line":139,"column":8},"end":{"line":151,"column":9}},"type":"if","locations":[{"start":{"line":139,"column":8},"end":{"line":151,"column":9}},{"start":{"line":139,"column":8},"end":{"line":151,"column":9}}],"line":139},"4":{"loc":{"start":{"line":141,"column":15},"end":{"line":151,"column":9}},"type":"if","locations":[{"start":{"line":141,"column":15},"end":{"line":151,"column":9}},{"start":{"line":141,"column":15},"end":{"line":151,"column":9}}],"line":141},"5":{"loc":{"start":{"line":146,"column":15},"end":{"line":151,"column":9}},"type":"if","locations":[{"start":{"line":146,"column":15},"end":{"line":151,"column":9}},{"start":{"line":146,"column":15},"end":{"line":151,"column":9}}],"line":146},"6":{"loc":{"start":{"line":221,"column":11},"end":{"line":229,"column":11}},"type":"binary-expr","locations":[{"start":{"line":221,"column":11},"end":{"line":221,"column":25}},{"start":{"line":222,"column":12},"end":{"line":228,"column":14}}],"line":221}},"s":{"0":0,"1":0,"2":0,"3":0,"4":0,"5":0,"6":0,"7":0,"8":0,"9":0,"10":0,"11":0,"12":0,"13":0,"14":0,"15":0,"16":0,"17":0,"18":0,"19":0,"20":0,"21":0,"22":0,"23":0,"24":0,"25":0,"26":0,"27":0,"28":0,"29":0,"30":0,"31":0,"32":0,"33":0,"34":0,"35":0,"36":0,"37":0,"38":0,"39":0,"40":0,"41":0,"42":0,"43":0,"44":0,"45":0,"46":0,"47":0,"48":0,"49":0,"50":0,"51":0,"52":0,"53":0,"54":0,"55":0,"56":0,"57":0,"58":0,"59":0,"60":0},"f":{"0":0,"1":0,"2":0,"3":0,"4":0,"5":0,"6":0,"7":0,"8":0,"9":0,"10":0,"11":0,"12":0,"13":0,"14":0,"15":0,"16":0,"17":0,"18":0,"19":0,"20":0,"21":0,"22":0,"23":0,"24":0},"b":{"0":[0,0],"1":[0,0],"2":[0,0],"3":[0,0],"4":[0,0],"5":[0,0],"6":[0,0]}}
,"C:\\workspace\\Estudo\\Rocketseat\\gobarber\\mobile\\src\\pages\\Dashboard\\index.tsx": {"path":"C:\\workspace\\Estudo\\Rocketseat\\gobarber\\mobile\\src\\pages\\Dashboard\\index.tsx","statementMap":{"0":{"start":{"line":31,"column":28},"end":{"line":98,"column":1}},"1":{"start":{"line":32,"column":36},"end":{"line":32,"column":60}},"2":{"start":{"line":34,"column":28},"end":{"line":34,"column":37}},"3":{"start":{"line":35,"column":23},"end":{"line":35,"column":38}},"4":{"start":{"line":37,"column":2},"end":{"line":41,"column":9}},"5":{"start":{"line":38,"column":4},"end":{"line":40,"column":7}},"6":{"start":{"line":39,"column":6},"end":{"line":39,"column":34}},"7":{"start":{"line":43,"column":28},"end":{"line":45,"column":16}},"8":{"start":{"line":44,"column":4},"end":{"line":44,"column":24}},"9":{"start":{"line":47,"column":38},"end":{"line":52,"column":3}},"10":{"start":{"line":49,"column":6},"end":{"line":49,"column":52}},"11":{"start":{"line":54,"column":2},"end":{"line":97,"column":4}},"12":{"start":{"line":70,"column":34},"end":{"line":70,"column":45}},"13":{"start":{"line":75,"column":10},"end":{"line":93,"column":30}},"14":{"start":{"line":76,"column":27},"end":{"line":76,"column":67}}},"fnMap":{"0":{"name":"(anonymous_0)","decl":{"start":{"line":31,"column":28},"end":{"line":31,"column":29}},"loc":{"start":{"line":31,"column":34},"end":{"line":98,"column":1}},"line":31},"1":{"name":"(anonymous_1)","decl":{"start":{"line":37,"column":12},"end":{"line":37,"column":13}},"loc":{"start":{"line":37,"column":18},"end":{"line":41,"column":3}},"line":37},"2":{"name":"(anonymous_2)","decl":{"start":{"line":38,"column":30},"end":{"line":38,"column":31}},"loc":{"start":{"line":38,"column":42},"end":{"line":40,"column":5}},"line":38},"3":{"name":"(anonymous_3)","decl":{"start":{"line":43,"column":40},"end":{"line":43,"column":41}},"loc":{"start":{"line":43,"column":46},"end":{"line":45,"column":3}},"line":43},"4":{"name":"(anonymous_4)","decl":{"start":{"line":48,"column":4},"end":{"line":48,"column":5}},"loc":{"start":{"line":48,"column":28},"end":{"line":50,"column":5}},"line":48},"5":{"name":"(anonymous_5)","decl":{"start":{"line":70,"column":22},"end":{"line":70,"column":23}},"loc":{"start":{"line":70,"column":34},"end":{"line":70,"column":45}},"line":70},"6":{"name":"(anonymous_6)","decl":{"start":{"line":74,"column":20},"end":{"line":74,"column":21}},"loc":{"start":{"line":75,"column":10},"end":{"line":93,"column":30}},"line":75},"7":{"name":"(anonymous_7)","decl":{"start":{"line":76,"column":21},"end":{"line":76,"column":22}},"loc":{"start":{"line":76,"column":27},"end":{"line":76,"column":67}},"line":76}},"branchMap":{},"s":{"0":0,"1":0,"2":0,"3":0,"4":0,"5":0,"6":0,"7":0,"8":0,"9":0,"10":0,"11":0,"12":0,"13":0,"14":0},"f":{"0":0,"1":0,"2":0,"3":0,"4":0,"5":0,"6":0,"7":0},"b":{}}
,"C:\\workspace\\Estudo\\Rocketseat\\gobarber\\mobile\\src\\pages\\Profile\\index.tsx": {"path":"C:\\workspace\\Estudo\\Rocketseat\\gobarber\\mobile\\src\\pages\\Profile\\index.tsx","statementMap":{"0":{"start":{"line":46,"column":26},"end":{"line":344,"column":1}},"1":{"start":{"line":47,"column":31},"end":{"line":47,"column":40}},"2":{"start":{"line":48,"column":21},"end":{"line":48,"column":36}},"3":{"start":{"line":50,"column":18},"end":{"line":50,"column":43}},"4":{"start":{"line":51,"column":24},"end":{"line":51,"column":47}},"5":{"start":{"line":52,"column":30},"end":{"line":52,"column":53}},"6":{"start":{"line":53,"column":27},"end":{"line":53,"column":50}},"7":{"start":{"line":54,"column":34},"end":{"line":54,"column":57}},"8":{"start":{"line":56,"column":23},"end":{"line":140,"column":3}},"9":{"start":{"line":58,"column":6},"end":{"line":137,"column":7}},"10":{"start":{"line":59,"column":8},"end":{"line":59,"column":39}},"11":{"start":{"line":61,"column":23},"end":{"line":81,"column":10}},"12":{"start":{"line":68,"column":33},"end":{"line":68,"column":45}},"13":{"start":{"line":75,"column":33},"end":{"line":75,"column":45}},"14":{"start":{"line":83,"column":8},"end":{"line":85,"column":11}},"15":{"start":{"line":93,"column":12},"end":{"line":93,"column":16}},"16":{"start":{"line":95,"column":25},"end":{"line":105,"column":9}},"17":{"start":{"line":107,"column":25},"end":{"line":107,"column":60}},"18":{"start":{"line":109,"column":8},"end":{"line":109,"column":40}},"19":{"start":{"line":111,"column":8},"end":{"line":114,"column":10}},"20":{"start":{"line":116,"column":8},"end":{"line":116,"column":17}},"21":{"start":{"line":118,"column":8},"end":{"line":136,"column":9}},"22":{"start":{"line":119,"column":25},"end":{"line":119,"column":49}},"23":{"start":{"line":121,"column":10},"end":{"line":121,"column":45}},"24":{"start":{"line":122,"column":15},"end":{"line":136,"column":9}},"25":{"start":{"line":123,"column":10},"end":{"line":135,"column":11}},"26":{"start":{"line":124,"column":12},"end":{"line":124,"column":78}},"27":{"start":{"line":125,"column":17},"end":{"line":135,"column":11}},"28":{"start":{"line":126,"column":12},"end":{"line":129,"column":14}},"29":{"start":{"line":130,"column":17},"end":{"line":135,"column":11}},"30":{"start":{"line":131,"column":12},"end":{"line":134,"column":14}},"31":{"start":{"line":142,"column":30},"end":{"line":197,"column":3}},"32":{"start":{"line":144,"column":6},"end":{"line":146,"column":7}},"33":{"start":{"line":145,"column":8},"end":{"line":145,"column":15}},"34":{"start":{"line":148,"column":6},"end":{"line":151,"column":7}},"35":{"start":{"line":149,"column":8},"end":{"line":149,"column":53}},"36":{"start":{"line":150,"column":8},"end":{"line":150,"column":15}},"37":{"start":{"line":153,"column":6},"end":{"line":161,"column":7}},"38":{"start":{"line":160,"column":8},"end":{"line":160,"column":15}},"39":{"start":{"line":164,"column":8},"end":{"line":166,"column":13}},"40":{"start":{"line":168,"column":8},"end":{"line":170,"column":72}},"41":{"start":{"line":173,"column":8},"end":{"line":175,"column":37}},"42":{"start":{"line":177,"column":23},"end":{"line":182,"column":8}},"43":{"start":{"line":184,"column":19},"end":{"line":184,"column":33}},"44":{"start":{"line":186,"column":6},"end":{"line":190,"column":9}},"45":{"start":{"line":192,"column":6},"end":{"line":194,"column":9}},"46":{"start":{"line":193,"column":8},"end":{"line":193,"column":37}},"47":{"start":{"line":199,"column":39},"end":{"line":225,"column":8}},"48":{"start":{"line":200,"column":4},"end":{"line":224,"column":6}},"49":{"start":{"line":227,"column":29},"end":{"line":249,"column":36}},"50":{"start":{"line":228,"column":4},"end":{"line":248,"column":6}},"51":{"start":{"line":232,"column":8},"end":{"line":246,"column":10}},"52":{"start":{"line":236,"column":12},"end":{"line":238,"column":13}},"53":{"start":{"line":237,"column":14},"end":{"line":237,"column":21}},"54":{"start":{"line":240,"column":12},"end":{"line":244,"column":13}},"55":{"start":{"line":241,"column":14},"end":{"line":241,"column":69}},"56":{"start":{"line":243,"column":14},"end":{"line":243,"column":75}},"57":{"start":{"line":251,"column":23},"end":{"line":253,"column":14}},"58":{"start":{"line":252,"column":4},"end":{"line":252,"column":13}},"59":{"start":{"line":255,"column":2},"end":{"line":343,"column":4}},"60":{"start":{"line":286,"column":39},"end":{"line":286,"column":69}},"61":{"start":{"line":298,"column":39},"end":{"line":298,"column":75}},"62":{"start":{"line":310,"column":39},"end":{"line":310,"column":72}},"63":{"start":{"line":321,"column":39},"end":{"line":321,"column":79}},"64":{"start":{"line":332,"column":39},"end":{"line":332,"column":68}},"65":{"start":{"line":336,"column":35},"end":{"line":336,"column":64}}},"fnMap":{"0":{"name":"(anonymous_0)","decl":{"start":{"line":46,"column":26},"end":{"line":46,"column":27}},"loc":{"start":{"line":46,"column":32},"end":{"line":344,"column":1}},"line":46},"1":{"name":"(anonymous_1)","decl":{"start":{"line":57,"column":4},"end":{"line":57,"column":5}},"loc":{"start":{"line":57,"column":37},"end":{"line":138,"column":5}},"line":57},"2":{"name":"(anonymous_2)","decl":{"start":{"line":68,"column":16},"end":{"line":68,"column":17}},"loc":{"start":{"line":68,"column":33},"end":{"line":68,"column":45}},"line":68},"3":{"name":"(anonymous_3)","decl":{"start":{"line":75,"column":16},"end":{"line":75,"column":17}},"loc":{"start":{"line":75,"column":33},"end":{"line":75,"column":45}},"line":75},"4":{"name":"(anonymous_4)","decl":{"start":{"line":143,"column":4},"end":{"line":143,"column":5}},"loc":{"start":{"line":143,"column":57},"end":{"line":195,"column":5}},"line":143},"5":{"name":"(anonymous_5)","decl":{"start":{"line":192,"column":46},"end":{"line":192,"column":47}},"loc":{"start":{"line":192,"column":61},"end":{"line":194,"column":7}},"line":192},"6":{"name":"(anonymous_6)","decl":{"start":{"line":199,"column":47},"end":{"line":199,"column":48}},"loc":{"start":{"line":199,"column":53},"end":{"line":225,"column":3}},"line":199},"7":{"name":"(anonymous_7)","decl":{"start":{"line":227,"column":41},"end":{"line":227,"column":42}},"loc":{"start":{"line":227,"column":47},"end":{"line":249,"column":3}},"line":227},"8":{"name":"(anonymous_8)","decl":{"start":{"line":231,"column":18},"end":{"line":231,"column":19}},"loc":{"start":{"line":231,"column":48},"end":{"line":247,"column":7}},"line":231},"9":{"name":"(anonymous_9)","decl":{"start":{"line":235,"column":19},"end":{"line":235,"column":20}},"loc":{"start":{"line":235,"column":25},"end":{"line":245,"column":11}},"line":235},"10":{"name":"(anonymous_10)","decl":{"start":{"line":251,"column":35},"end":{"line":251,"column":36}},"loc":{"start":{"line":251,"column":41},"end":{"line":253,"column":3}},"line":251},"11":{"name":"(anonymous_11)","decl":{"start":{"line":286,"column":33},"end":{"line":286,"column":34}},"loc":{"start":{"line":286,"column":39},"end":{"line":286,"column":69}},"line":286},"12":{"name":"(anonymous_12)","decl":{"start":{"line":298,"column":33},"end":{"line":298,"column":34}},"loc":{"start":{"line":298,"column":39},"end":{"line":298,"column":75}},"line":298},"13":{"name":"(anonymous_13)","decl":{"start":{"line":310,"column":33},"end":{"line":310,"column":34}},"loc":{"start":{"line":310,"column":39},"end":{"line":310,"column":72}},"line":310},"14":{"name":"(anonymous_14)","decl":{"start":{"line":321,"column":33},"end":{"line":321,"column":34}},"loc":{"start":{"line":321,"column":39},"end":{"line":321,"column":79}},"line":321},"15":{"name":"(anonymous_15)","decl":{"start":{"line":332,"column":33},"end":{"line":332,"column":34}},"loc":{"start":{"line":332,"column":39},"end":{"line":332,"column":68}},"line":332},"16":{"name":"(anonymous_16)","decl":{"start":{"line":336,"column":29},"end":{"line":336,"column":30}},"loc":{"start":{"line":336,"column":35},"end":{"line":336,"column":64}},"line":336}},"branchMap":{"0":{"loc":{"start":{"line":98,"column":14},"end":{"line":104,"column":16}},"type":"cond-expr","locations":[{"start":{"line":99,"column":14},"end":{"line":103,"column":15}},{"start":{"line":104,"column":14},"end":{"line":104,"column":16}}],"line":98},"1":{"loc":{"start":{"line":118,"column":8},"end":{"line":136,"column":9}},"type":"if","locations":[{"start":{"line":118,"column":8},"end":{"line":136,"column":9}},{"start":{"line":118,"column":8},"end":{"line":136,"column":9}}],"line":118},"2":{"loc":{"start":{"line":122,"column":15},"end":{"line":136,"column":9}},"type":"if","locations":[{"start":{"line":122,"column":15},"end":{"line":136,"column":9}},{"start":{"line":122,"column":15},"end":{"line":136,"column":9}}],"line":122},"3":{"loc":{"start":{"line":123,"column":10},"end":{"line":135,"column":11}},"type":"if","locations":[{"start":{"line":123,"column":10},"end":{"line":135,"column":11}},{"start":{"line":123,"column":10},"end":{"line":135,"column":11}}],"line":123},"4":{"loc":{"start":{"line":125,"column":17},"end":{"line":135,"column":11}},"type":"if","locations":[{"start":{"line":125,"column":17},"end":{"line":135,"column":11}},{"start":{"line":125,"column":17},"end":{"line":135,"column":11}}],"line":125},"5":{"loc":{"start":{"line":130,"column":17},"end":{"line":135,"column":11}},"type":"if","locations":[{"start":{"line":130,"column":17},"end":{"line":135,"column":11}},{"start":{"line":130,"column":17},"end":{"line":135,"column":11}}],"line":130},"6":{"loc":{"start":{"line":144,"column":6},"end":{"line":146,"column":7}},"type":"if","locations":[{"start":{"line":144,"column":6},"end":{"line":146,"column":7}},{"start":{"line":144,"column":6},"end":{"line":146,"column":7}}],"line":144},"7":{"loc":{"start":{"line":148,"column":6},"end":{"line":151,"column":7}},"type":"if","locations":[{"start":{"line":148,"column":6},"end":{"line":151,"column":7}},{"start":{"line":148,"column":6},"end":{"line":151,"column":7}}],"line":148},"8":{"loc":{"start":{"line":153,"column":6},"end":{"line":161,"column":7}},"type":"if","locations":[{"start":{"line":153,"column":6},"end":{"line":161,"column":7}},{"start":{"line":153,"column":6},"end":{"line":161,"column":7}}],"line":153},"9":{"loc":{"start":{"line":154,"column":8},"end":{"line":158,"column":34}},"type":"binary-expr","locations":[{"start":{"line":154,"column":8},"end":{"line":154,"column":24}},{"start":{"line":155,"column":8},"end":{"line":155,"column":34}},{"start":{"line":156,"column":8},"end":{"line":156,"column":31}},{"start":{"line":157,"column":8},"end":{"line":157,"column":33}},{"start":{"line":158,"column":8},"end":{"line":158,"column":34}}],"line":154},"10":{"loc":{"start":{"line":164,"column":8},"end":{"line":166,"column":13}},"type":"cond-expr","locations":[{"start":{"line":165,"column":12},"end":{"line":165,"column":72}},{"start":{"line":166,"column":12},"end":{"line":166,"column":13}}],"line":164},"11":{"loc":{"start":{"line":168,"column":8},"end":{"line":170,"column":72}},"type":"cond-expr","locations":[{"start":{"line":169,"column":12},"end":{"line":169,"column":13}},{"start":{"line":170,"column":12},"end":{"line":170,"column":72}}],"line":168},"12":{"loc":{"start":{"line":173,"column":8},"end":{"line":175,"column":37}},"type":"cond-expr","locations":[{"start":{"line":174,"column":12},"end":{"line":174,"column":36}},{"start":{"line":175,"column":12},"end":{"line":175,"column":37}}],"line":173},"13":{"loc":{"start":{"line":234,"column":17},"end":{"line":234,"column":57}},"type":"cond-expr","locations":[{"start":{"line":234,"column":37},"end":{"line":234,"column":45}},{"start":{"line":234,"column":48},"end":{"line":234,"column":57}}],"line":234},"14":{"loc":{"start":{"line":236,"column":12},"end":{"line":238,"column":13}},"type":"if","locations":[{"start":{"line":236,"column":12},"end":{"line":238,"column":13}},{"start":{"line":236,"column":12},"end":{"line":238,"column":13}}],"line":236},"15":{"loc":{"start":{"line":240,"column":12},"end":{"line":244,"column":13}},"type":"if","locations":[{"start":{"line":240,"column":12},"end":{"line":244,"column":13}},{"start":{"line":240,"column":12},"end":{"line":244,"column":13}}],"line":240},"16":{"loc":{"start":{"line":259,"column":18},"end":{"line":259,"column":63}},"type":"cond-expr","locations":[{"start":{"line":259,"column":42},"end":{"line":259,"column":51}},{"start":{"line":259,"column":54},"end":{"line":259,"column":63}}],"line":259}},"s":{"0":0,"1":0,"2":0,"3":0,"4":0,"5":0,"6":0,"7":0,"8":0,"9":0,"10":0,"11":0,"12":0,"13":0,"14":0,"15":0,"16":0,"17":0,"18":0,"19":0,"20":0,"21":0,"22":0,"23":0,"24":0,"25":0,"26":0,"27":0,"28":0,"29":0,"30":0,"31":0,"32":0,"33":0,"34":0,"35":0,"36":0,"37":0,"38":0,"39":0,"40":0,"41":0,"42":0,"43":0,"44":0,"45":0,"46":0,"47":0,"48":0,"49":0,"50":0,"51":0,"52":0,"53":0,"54":0,"55":0,"56":0,"57":0,"58":0,"59":0,"60":0,"61":0,"62":0,"63":0,"64":0,"65":0},"f":{"0":0,"1":0,"2":0,"3":0,"4":0,"5":0,"6":0,"7":0,"8":0,"9":0,"10":0,"11":0,"12":0,"13":0,"14":0,"15":0,"16":0},"b":{"0":[0,0],"1":[0,0],"2":[0,0],"3":[0,0],"4":[0,0],"5":[0,0],"6":[0,0],"7":[0,0],"8":[0,0],"9":[0,0,0,0,0],"10":[0,0],"11":[0,0],"12":[0,0],"13":[0,0],"14":[0,0],"15":[0,0],"16":[0,0]}}
,"C:\\workspace\\Estudo\\Rocketseat\\gobarber\\mobile\\src\\pages\\SignIn\\index.tsx": {"path":"C:\\workspace\\Estudo\\Rocketseat\\gobarber\\mobile\\src\\pages\\SignIn\\index.tsx","statementMap":{"0":{"start":{"line":38,"column":25},"end":{"line":145,"column":1}},"1":{"start":{"line":39,"column":18},"end":{"line":39,"column":43}},"2":{"start":{"line":40,"column":27},"end":{"line":40,"column":50}},"3":{"start":{"line":42,"column":21},"end":{"line":42,"column":36}},"4":{"start":{"line":44,"column":21},"end":{"line":44,"column":30}},"5":{"start":{"line":46,"column":23},"end":{"line":86,"column":3}},"6":{"start":{"line":48,"column":6},"end":{"line":83,"column":7}},"7":{"start":{"line":49,"column":8},"end":{"line":49,"column":39}},"8":{"start":{"line":51,"column":23},"end":{"line":56,"column":10}},"9":{"start":{"line":58,"column":8},"end":{"line":60,"column":11}},"10":{"start":{"line":62,"column":8},"end":{"line":65,"column":11}},"11":{"start":{"line":67,"column":8},"end":{"line":82,"column":9}},"12":{"start":{"line":68,"column":25},"end":{"line":68,"column":49}},"13":{"start":{"line":70,"column":10},"end":{"line":70,"column":45}},"14":{"start":{"line":71,"column":15},"end":{"line":82,"column":9}},"15":{"start":{"line":72,"column":10},"end":{"line":81,"column":11}},"16":{"start":{"line":73,"column":12},"end":{"line":73,"column":78}},"17":{"start":{"line":74,"column":17},"end":{"line":81,"column":11}},"18":{"start":{"line":75,"column":12},"end":{"line":75,"column":74}},"19":{"start":{"line":76,"column":17},"end":{"line":81,"column":11}},"20":{"start":{"line":77,"column":12},"end":{"line":80,"column":14}},"21":{"start":{"line":88,"column":2},"end":{"line":144,"column":4}},"22":{"start":{"line":115,"column":39},"end":{"line":115,"column":72}},"23":{"start":{"line":124,"column":39},"end":{"line":124,"column":68}},"24":{"start":{"line":127,"column":35},"end":{"line":127,"column":64}},"25":{"start":{"line":131,"column":49},"end":{"line":131,"column":70}},"26":{"start":{"line":139,"column":42},"end":{"line":139,"column":71}}},"fnMap":{"0":{"name":"(anonymous_0)","decl":{"start":{"line":38,"column":25},"end":{"line":38,"column":26}},"loc":{"start":{"line":38,"column":31},"end":{"line":145,"column":1}},"line":38},"1":{"name":"(anonymous_1)","decl":{"start":{"line":47,"column":4},"end":{"line":47,"column":5}},"loc":{"start":{"line":47,"column":36},"end":{"line":84,"column":5}},"line":47},"2":{"name":"(anonymous_2)","decl":{"start":{"line":115,"column":33},"end":{"line":115,"column":34}},"loc":{"start":{"line":115,"column":39},"end":{"line":115,"column":72}},"line":115},"3":{"name":"(anonymous_3)","decl":{"start":{"line":124,"column":33},"end":{"line":124,"column":34}},"loc":{"start":{"line":124,"column":39},"end":{"line":124,"column":68}},"line":124},"4":{"name":"(anonymous_4)","decl":{"start":{"line":127,"column":29},"end":{"line":127,"column":30}},"loc":{"start":{"line":127,"column":35},"end":{"line":127,"column":64}},"line":127},"5":{"name":"(anonymous_5)","decl":{"start":{"line":131,"column":43},"end":{"line":131,"column":44}},"loc":{"start":{"line":131,"column":49},"end":{"line":131,"column":70}},"line":131},"6":{"name":"(anonymous_6)","decl":{"start":{"line":139,"column":36},"end":{"line":139,"column":37}},"loc":{"start":{"line":139,"column":42},"end":{"line":139,"column":71}},"line":139}},"branchMap":{"0":{"loc":{"start":{"line":67,"column":8},"end":{"line":82,"column":9}},"type":"if","locations":[{"start":{"line":67,"column":8},"end":{"line":82,"column":9}},{"start":{"line":67,"column":8},"end":{"line":82,"column":9}}],"line":67},"1":{"loc":{"start":{"line":71,"column":15},"end":{"line":82,"column":9}},"type":"if","locations":[{"start":{"line":71,"column":15},"end":{"line":82,"column":9}},{"start":{"line":71,"column":15},"end":{"line":82,"column":9}}],"line":71},"2":{"loc":{"start":{"line":72,"column":10},"end":{"line":81,"column":11}},"type":"if","locations":[{"start":{"line":72,"column":10},"end":{"line":81,"column":11}},{"start":{"line":72,"column":10},"end":{"line":81,"column":11}}],"line":72},"3":{"loc":{"start":{"line":74,"column":17},"end":{"line":81,"column":11}},"type":"if","locations":[{"start":{"line":74,"column":17},"end":{"line":81,"column":11}},{"start":{"line":74,"column":17},"end":{"line":81,"column":11}}],"line":74},"4":{"loc":{"start":{"line":76,"column":17},"end":{"line":81,"column":11}},"type":"if","locations":[{"start":{"line":76,"column":17},"end":{"line":81,"column":11}},{"start":{"line":76,"column":17},"end":{"line":81,"column":11}}],"line":76},"5":{"loc":{"start":{"line":92,"column":18},"end":{"line":92,"column":63}},"type":"cond-expr","locations":[{"start":{"line":92,"column":42},"end":{"line":92,"column":51}},{"start":{"line":92,"column":54},"end":{"line":92,"column":63}}],"line":92}},"s":{"0":1,"1":1,"2":1,"3":1,"4":1,"5":1,"6":0,"7":0,"8":0,"9":0,"10":0,"11":0,"12":0,"13":0,"14":0,"15":0,"16":0,"17":0,"18":0,"19":0,"20":0,"21":1,"22":0,"23":0,"24":0,"25":0,"26":0},"f":{"0":1,"1":0,"2":0,"3":0,"4":0,"5":0,"6":0},"b":{"0":[0,0],"1":[0,0],"2":[0,0],"3":[0,0],"4":[0,0],"5":[1,0]},"_coverageSchema":"1a1c01bbd47fc00a2c39e90264f33305004495a9","hash":"30323601aca0dac74cc653cbdd83e0ae91df289b"}
,"C:\\workspace\\Estudo\\Rocketseat\\gobarber\\mobile\\src\\pages\\SignUp\\index.tsx": {"path":"C:\\workspace\\Estudo\\Rocketseat\\gobarber\\mobile\\src\\pages\\SignUp\\index.tsx","statementMap":{"0":{"start":{"line":39,"column":25},"end":{"line":162,"column":1}},"1":{"start":{"line":40,"column":18},"end":{"line":40,"column":43}},"2":{"start":{"line":41,"column":24},"end":{"line":41,"column":47}},"3":{"start":{"line":42,"column":27},"end":{"line":42,"column":50}},"4":{"start":{"line":44,"column":21},"end":{"line":44,"column":36}},"5":{"start":{"line":46,"column":23},"end":{"line":94,"column":3}},"6":{"start":{"line":48,"column":6},"end":{"line":91,"column":7}},"7":{"start":{"line":49,"column":8},"end":{"line":49,"column":39}},"8":{"start":{"line":51,"column":23},"end":{"line":57,"column":10}},"9":{"start":{"line":59,"column":8},"end":{"line":61,"column":11}},"10":{"start":{"line":63,"column":8},"end":{"line":63,"column":39}},"11":{"start":{"line":65,"column":8},"end":{"line":68,"column":10}},"12":{"start":{"line":70,"column":8},"end":{"line":70,"column":17}},"13":{"start":{"line":72,"column":8},"end":{"line":90,"column":9}},"14":{"start":{"line":73,"column":25},"end":{"line":73,"column":49}},"15":{"start":{"line":75,"column":10},"end":{"line":75,"column":45}},"16":{"start":{"line":76,"column":15},"end":{"line":90,"column":9}},"17":{"start":{"line":77,"column":10},"end":{"line":89,"column":11}},"18":{"start":{"line":78,"column":12},"end":{"line":78,"column":78}},"19":{"start":{"line":79,"column":17},"end":{"line":89,"column":11}},"20":{"start":{"line":80,"column":12},"end":{"line":83,"column":14}},"21":{"start":{"line":84,"column":17},"end":{"line":89,"column":11}},"22":{"start":{"line":85,"column":12},"end":{"line":88,"column":14}},"23":{"start":{"line":96,"column":2},"end":{"line":161,"column":4}},"24":{"start":{"line":121,"column":39},"end":{"line":121,"column":69}},"25":{"start":{"line":133,"column":39},"end":{"line":133,"column":72}},"26":{"start":{"line":144,"column":39},"end":{"line":144,"column":68}},"27":{"start":{"line":148,"column":35},"end":{"line":148,"column":64}},"28":{"start":{"line":155,"column":41},"end":{"line":155,"column":49}}},"fnMap":{"0":{"name":"(anonymous_0)","decl":{"start":{"line":39,"column":25},"end":{"line":39,"column":26}},"loc":{"start":{"line":39,"column":31},"end":{"line":162,"column":1}},"line":39},"1":{"name":"(anonymous_1)","decl":{"start":{"line":47,"column":4},"end":{"line":47,"column":5}},"loc":{"start":{"line":47,"column":36},"end":{"line":92,"column":5}},"line":47},"2":{"name":"(anonymous_2)","decl":{"start":{"line":121,"column":33},"end":{"line":121,"column":34}},"loc":{"start":{"line":121,"column":39},"end":{"line":121,"column":69}},"line":121},"3":{"name":"(anonymous_3)","decl":{"start":{"line":133,"column":33},"end":{"line":133,"column":34}},"loc":{"start":{"line":133,"column":39},"end":{"line":133,"column":72}},"line":133},"4":{"name":"(anonymous_4)","decl":{"start":{"line":144,"column":33},"end":{"line":144,"column":34}},"loc":{"start":{"line":144,"column":39},"end":{"line":144,"column":68}},"line":144},"5":{"name":"(anonymous_5)","decl":{"start":{"line":148,"column":29},"end":{"line":148,"column":30}},"loc":{"start":{"line":148,"column":35},"end":{"line":148,"column":64}},"line":148},"6":{"name":"(anonymous_6)","decl":{"start":{"line":155,"column":35},"end":{"line":155,"column":36}},"loc":{"start":{"line":155,"column":41},"end":{"line":155,"column":49}},"line":155}},"branchMap":{"0":{"loc":{"start":{"line":72,"column":8},"end":{"line":90,"column":9}},"type":"if","locations":[{"start":{"line":72,"column":8},"end":{"line":90,"column":9}},{"start":{"line":72,"column":8},"end":{"line":90,"column":9}}],"line":72},"1":{"loc":{"start":{"line":76,"column":15},"end":{"line":90,"column":9}},"type":"if","locations":[{"start":{"line":76,"column":15},"end":{"line":90,"column":9}},{"start":{"line":76,"column":15},"end":{"line":90,"column":9}}],"line":76},"2":{"loc":{"start":{"line":77,"column":10},"end":{"line":89,"column":11}},"type":"if","locations":[{"start":{"line":77,"column":10},"end":{"line":89,"column":11}},{"start":{"line":77,"column":10},"end":{"line":89,"column":11}}],"line":77},"3":{"loc":{"start":{"line":79,"column":17},"end":{"line":89,"column":11}},"type":"if","locations":[{"start":{"line":79,"column":17},"end":{"line":89,"column":11}},{"start":{"line":79,"column":17},"end":{"line":89,"column":11}}],"line":79},"4":{"loc":{"start":{"line":84,"column":17},"end":{"line":89,"column":11}},"type":"if","locations":[{"start":{"line":84,"column":17},"end":{"line":89,"column":11}},{"start":{"line":84,"column":17},"end":{"line":89,"column":11}}],"line":84},"5":{"loc":{"start":{"line":100,"column":18},"end":{"line":100,"column":63}},"type":"cond-expr","locations":[{"start":{"line":100,"column":42},"end":{"line":100,"column":51}},{"start":{"line":100,"column":54},"end":{"line":100,"column":63}}],"line":100}},"s":{"0":0,"1":0,"2":0,"3":0,"4":0,"5":0,"6":0,"7":0,"8":0,"9":0,"10":0,"11":0,"12":0,"13":0,"14":0,"15":0,"16":0,"17":0,"18":0,"19":0,"20":0,"21":0,"22":0,"23":0,"24":0,"25":0,"26":0,"27":0,"28":0},"f":{"0":0,"1":0,"2":0,"3":0,"4":0,"5":0,"6":0},"b":{"0":[0,0],"1":[0,0],"2":[0,0],"3":[0,0],"4":[0,0],"5":[0,0]}}
}
